<?xml version="1.0" encoding="UTF-8"?>
<!-- Generated by org.testng.reporters.JUnitReportReporter -->
<testsuite hostname="LAPTOP-IOFBFF8P" failures="0" tests="1" name="testSets.TestingMethods" time="30.954" errors="0" timestamp="19 Feb 2021 12:18:18 GMT" skipped="0">
  <testcase classname="testSets.TestingMethods" name="SwichingToFrame" time="30.954"/>
</testsuite> <!-- testSets.TestingMethods -->
