<?xml version="1.0" encoding="UTF-8"?>
<!-- Generated by org.testng.reporters.JUnitReportReporter -->
<testsuite hostname="LAPTOP-IOFBFF8P" failures="0" tests="1" name="testSets.TS_LoginTest" time="31.323" errors="0" timestamp="07 Mar 2021 09:34:57 GMT" skipped="0">
  <testcase classname="testSets.TS_LoginTest" name="Verify_User_Is_Able_To_Click_On_All_Products" time="31.323"/>
</testsuite> <!-- testSets.TS_LoginTest -->
