<?xml version="1.0" encoding="UTF-8"?>
<!-- Generated by org.testng.reporters.JUnitReportReporter -->
<testsuite hostname="LAPTOP-IOFBFF8P" failures="0" tests="1" name="testSets.TS_TestingMethods" time="34.302" errors="0" timestamp="05 Mar 2021 09:12:51 GMT" skipped="0">
  <testcase classname="testSets.TS_TestingMethods" name="ScrollCheck" time="34.302"/>
</testsuite> <!-- testSets.TS_TestingMethods -->
