<?xml version="1.0" encoding="UTF-8"?>
<!-- Generated by org.testng.reporters.JUnitReportReporter -->
<testsuite hostname="LAPTOP-IOFBFF8P" failures="0" tests="1" name="testSets.TS_TestingMethods" time="26.585" errors="0" timestamp="21 Feb 2021 14:17:10 GMT" skipped="0">
  <testcase classname="testSets.TS_TestingMethods" name="RaioButtonAndCheckbox" time="26.585"/>
</testsuite> <!-- testSets.TS_TestingMethods -->
