<?xml version="1.0" encoding="UTF-8"?>
<!-- Generated by org.testng.reporters.JUnitReportReporter -->
<testsuite hostname="LAPTOP-IOFBFF8P" failures="0" tests="3" name="testSets.TS_LoginTest" time="26.618" errors="0" timestamp="25 Feb 2021 13:52:49 GMT" skipped="2">
  <testcase classname="testSets.TS_LoginTest" name="Verify_User_Is_Able_To_Login_To_Application_Test_recording" time="26.618"/>
  <testcase classname="testSets.TS_LoginTest" name="Verify_User_Is_Able_To_Login_To_Application">
    <skipped/>
  </testcase> <!-- Verify_User_Is_Able_To_Login_To_Application -->
  <testcase classname="testSets.TS_LoginTest" name="Verify_User_Is_Able_To_Login_To_Application_Data_From_Excel">
    <skipped/>
  </testcase> <!-- Verify_User_Is_Able_To_Login_To_Application_Data_From_Excel -->
</testsuite> <!-- testSets.TS_LoginTest -->
