<?xml version="1.0" encoding="UTF-8"?>
<!-- Generated by org.testng.reporters.JUnitReportReporter -->
<testsuite hostname="LAPTOP-IOFBFF8P" failures="0" tests="1" name="testSets.TS_ExtentReportDemo" time="13.716" errors="0" timestamp="26 Feb 2021 07:23:14 GMT" skipped="0">
  <testcase classname="testSets.TS_ExtentReportDemo" name="Test_ExtentReport_Demo" time="13.716"/>
</testsuite> <!-- testSets.TS_ExtentReportDemo -->
