<?xml version="1.0" encoding="UTF-8"?>
<!-- Generated by org.testng.reporters.JUnitReportReporter -->
<testsuite hostname="LAPTOP-IOFBFF8P" failures="0" tests="1" name="testSets.LoginTest" time="22.903" errors="0" timestamp="19 Feb 2021 14:01:53 GMT" skipped="0">
  <testcase classname="testSets.LoginTest" name="VerifyUserIsAbleToLoginToApplication" time="22.903"/>
</testsuite> <!-- testSets.LoginTest -->
