<?xml version="1.0" encoding="UTF-8"?>
<!-- Generated by org.testng.reporters.JUnitReportReporter -->
<testsuite hostname="LAPTOP-IOFBFF8P" failures="0" tests="1" name="testSets.TS_LogsCheck" time="0.005" errors="0" timestamp="28 Feb 2021 18:57:32 GMT" skipped="0">
  <testcase classname="testSets.TS_LogsCheck" name="TEST_Logging" time="0.005"/>
</testsuite> <!-- testSets.TS_LogsCheck -->
